<?xml version="1.0" encoding="UTF-8"?>
<testsuite xmlns:xsi="http://www.w3.org/2001/XMLSchema-instance" xsi:noNamespaceSchemaLocation="https://maven.apache.org/surefire/maven-surefire-plugin/xsd/surefire-test-report-3.0.xsd" version="3.0" name="com.nguyenthanhbang.foodordering.FoodorderingApplicationTests" time="8.156" tests="1" errors="0" skipped="0" failures="0">
  <properties>
[...]
</properties>
  <testcase name="contextLoads" classname="com.nguyenthanhbang.foodordering.FoodorderingApplicationTests" time="0.738">
    <system-out><![CDATA[16:33:03.104 [main] INFO org.springframework.test.context.support.AnnotationConfigContextLoaderUtils -- Could not detect default configuration classes for test class [com.nguyenthanhbang.foodordering.FoodorderingApplicationTests]: FoodorderingApplicationTests does not declare any static, non-private, non-final, nested classes annotated with @Configuration.
16:33:03.203 [main] INFO org.springframework.boot.test.context.SpringBootTestContextBootstrapper -- Found @SpringBootConfiguration com.nguyenthanhbang.foodordering.FoodorderingApplication for test class com.nguyenthanhbang.foodordering.FoodorderingApplicationTests
16:33:03.406 [main] INFO org.springframework.boot.devtools.restart.RestartApplicationListener -- Restart disabled due to context in which it is running

  .   ____          _            __ _ _
 /\\ / ___'_ __ _ _(_)_ __  __ _ \ \ \ \
( ( )\___ | '_ | '_| | '_ \/ _` | \ \ \ \
 \\/  ___)| |_)| | | | | || (_| |  ) ) ) )
  '  |____| .__|_| |_|_| |_\__, | / / / /
 =========|_|==============|___/=/_/_/_/
 :: Spring Boot ::                (v3.2.2)

2025-08-16T16:33:03.707+07:00  INFO 35756 --- [foodordering] [           main] c.n.f.FoodorderingApplicationTests       : Starting FoodorderingApplicationTests using Java 17.0.9 with PID 35756 (started by BANG in D:\Projects\foodordering\backend)
2025-08-16T16:33:03.710+07:00  INFO 35756 --- [foodordering] [           main] c.n.f.FoodorderingApplicationTests       : The following 1 profile is active: "test"
2025-08-16T16:33:04.767+07:00  INFO 35756 --- [foodordering] [           main] .s.d.r.c.RepositoryConfigurationDelegate : Bootstrapping Spring Data JPA repositories in DEFAULT mode.
2025-08-16T16:33:04.866+07:00  INFO 35756 --- [foodordering] [           main] .s.d.r.c.RepositoryConfigurationDelegate : Finished Spring Data repository scanning in 91 ms. Found 14 JPA repository interfaces.
2025-08-16T16:33:05.473+07:00  INFO 35756 --- [foodordering] [           main] o.hibernate.jpa.internal.util.LogHelper  : HHH000204: Processing PersistenceUnitInfo [name: default]
2025-08-16T16:33:05.538+07:00  INFO 35756 --- [foodordering] [           main] org.hibernate.Version                    : HHH000412: Hibernate ORM core version 6.4.1.Final
2025-08-16T16:33:05.589+07:00  INFO 35756 --- [foodordering] [           main] o.h.c.internal.RegionFactoryInitiator    : HHH000026: Second-level cache disabled
2025-08-16T16:33:05.914+07:00  INFO 35756 --- [foodordering] [           main] o.s.o.j.p.SpringPersistenceUnitInfo      : No LoadTimeWeaver setup: ignoring JPA class transformer
2025-08-16T16:33:05.945+07:00  INFO 35756 --- [foodordering] [           main] com.zaxxer.hikari.HikariDataSource       : HikariPool-1 - Starting...
2025-08-16T16:33:06.108+07:00  INFO 35756 --- [foodordering] [           main] com.zaxxer.hikari.pool.HikariPool        : HikariPool-1 - Added connection conn0: url=jdbc:h2:mem:testdb user=SA
2025-08-16T16:33:06.110+07:00  INFO 35756 --- [foodordering] [           main] com.zaxxer.hikari.HikariDataSource       : HikariPool-1 - Start completed.
2025-08-16T16:33:06.126+07:00  WARN 35756 --- [foodordering] [           main] org.hibernate.orm.deprecation            : HHH90000025: H2Dialect does not need to be specified explicitly using 'hibernate.dialect' (remove the property setting and it will be selected by default)
2025-08-16T16:33:07.486+07:00  INFO 35756 --- [foodordering] [           main] o.h.e.t.j.p.i.JtaPlatformInitiator       : HHH000489: No JTA platform available (set 'hibernate.transaction.jta.platform' to enable JTA platform integration)
Hibernate: drop table if exists addresses cascade 
Hibernate: drop table if exists cartitems cascade 
Hibernate: drop table if exists carts cascade 
Hibernate: drop table if exists categories cascade 
Hibernate: drop table if exists comments cascade 
Hibernate: drop table if exists food_images cascade 
Hibernate: drop table if exists food_ingredient cascade 
Hibernate: drop table if exists foods cascade 
Hibernate: drop table if exists ingredients cascade 
Hibernate: drop table if exists invalid_token cascade 
Hibernate: drop table if exists orderitems cascade 
Hibernate: drop table if exists orders cascade 
Hibernate: drop table if exists reset_password_token cascade 
Hibernate: drop table if exists restaurant_images cascade 
Hibernate: drop table if exists restaurants cascade 
Hibernate: drop table if exists reviews cascade 
Hibernate: drop table if exists user_favourites cascade 
Hibernate: drop table if exists users cascade 
Hibernate: create table addresses (active boolean, created_date timestamp(6) with time zone, id bigint generated by default as identity, modified_date timestamp(6) with time zone, user_id bigint, city varchar(255), created_by varchar(255), district varchar(255), modified_by varchar(255), street varchar(255), ward varchar(255), primary key (id))
Hibernate: create table cartitems (active boolean, quantity integer not null, cart_id bigint, created_date timestamp(6) with time zone, food_id bigint, id bigint generated by default as identity, modified_date timestamp(6) with time zone, total_price bigint not null, created_by varchar(255), modified_by varchar(255), primary key (id))
Hibernate: create table carts (active boolean, sum integer not null, created_date timestamp(6) with time zone, customer_id bigint unique, id bigint generated by default as identity, modified_date timestamp(6) with time zone, total_price bigint not null, created_by varchar(255), modified_by varchar(255), primary key (id))
Hibernate: create table categories (active boolean, created_date timestamp(6) with time zone, id bigint generated by default as identity, modified_date timestamp(6) with time zone, restaurant_id bigint, created_by varchar(255), modified_by varchar(255), name varchar(255), primary key (id))
Hibernate: create table comments (active boolean, created_date timestamp(6) with time zone, id bigint generated by default as identity, modified_date timestamp(6) with time zone, restaurant_id bigint, user_id bigint, content TEXT, created_by varchar(255), modified_by varchar(255), primary key (id))
Hibernate: create table food_images (food_id bigint not null, images varchar(1000))
Hibernate: create table food_ingredient (food_id bigint not null, ingredient_id bigint not null)
Hibernate: create table foods (active boolean, available boolean not null, spicy boolean not null, vegetarian boolean not null, category_id bigint, created_date timestamp(6) with time zone, id bigint generated by default as identity, modified_date timestamp(6) with time zone, price bigint not null, restaurant_id bigint, sold bigint not null, created_by varchar(255), cuisine varchar(255), description varchar(255), modified_by varchar(255), name varchar(255), primary key (id))
Hibernate: create table ingredients (active boolean, created_date timestamp(6) with time zone, id bigint generated by default as identity, modified_date timestamp(6) with time zone, restaurant_id bigint, created_by varchar(255), modified_by varchar(255), name varchar(255), primary key (id))
Hibernate: create table invalid_token (id bigint generated by default as identity, token TEXT, primary key (id))
Hibernate: create table orderitems (active boolean, quantity integer not null, created_date timestamp(6) with time zone, food_id bigint, id bigint generated by default as identity, modified_date timestamp(6) with time zone, order_id bigint, total_price bigint not null, created_by varchar(255), modified_by varchar(255), primary key (id))
Hibernate: create table orders (active boolean, total_items integer not null, created_date timestamp(6) with time zone, customer_id bigint, delivery_address_id bigint, id bigint generated by default as identity, modified_date timestamp(6) with time zone, restaurant_id bigint, total_price bigint not null, created_by varchar(255), modified_by varchar(255), status varchar(255) check (status in ('PENDING','PROCESSING','DELIVERED','CANCELLED')), primary key (id))
Hibernate: create table reset_password_token (expiry_date timestamp(6), id bigint generated by default as identity, user_id bigint unique, token varchar(255), primary key (id))
Hibernate: create table restaurant_images (restaurant_id bigint not null, images varchar(1000))
Hibernate: create table restaurants (active boolean, average_rating float(53) not null, open boolean not null, review_count integer not null, address_id bigint unique, created_date timestamp(6) with time zone, id bigint generated by default as identity, modified_date timestamp(6) with time zone, owner_id bigint unique, created_by varchar(255), description varchar(255), email varchar(255), facebook varchar(255), instagram varchar(255), modified_by varchar(255), name varchar(255), opening_hours varchar(255), phone_number varchar(255), primary key (id))
Hibernate: create table reviews (active boolean, rating integer not null, created_date timestamp(6) with time zone, id bigint generated by default as identity, modified_date timestamp(6) with time zone, restaurant_id bigint, user_id bigint, created_by varchar(255), modified_by varchar(255), primary key (id))
Hibernate: create table user_favourites (restaurant_id bigint not null, user_id bigint not null)
Hibernate: create table users (active boolean, created_date timestamp(6) with time zone, id bigint generated by default as identity, modified_date timestamp(6) with time zone, avatar varchar(255), created_by varchar(255), email varchar(255), full_name varchar(255), gender varchar(255) check (gender in ('MALE','FEMALE','OTHER')), modified_by varchar(255), password varchar(255), refresh_token TEXT, role varchar(255) check (role in ('ADMIN','CUSTOMER','RESTAURANT_OWNER')), primary key (id))
Hibernate: alter table if exists addresses add constraint FK1fa36y2oqhao3wgg2rw1pi459 foreign key (user_id) references users
Hibernate: alter table if exists cartitems add constraint FKqbf3k33jhqlj6hhuqc4n65s3d foreign key (cart_id) references carts
Hibernate: alter table if exists cartitems add constraint FKo7kh4q9ego57iw6fxdflddrw5 foreign key (food_id) references foods
Hibernate: alter table if exists carts add constraint FK99i1rh5nm7r3f1b3wdcuq5h57 foreign key (customer_id) references users
Hibernate: alter table if exists categories add constraint FKtdst21nbth66utu5rvifn5x4a foreign key (restaurant_id) references restaurants
Hibernate: alter table if exists comments add constraint FK1mg7fv8grmac9w8if19l3qxn foreign key (restaurant_id) references restaurants
Hibernate: alter table if exists comments add constraint FK8omq0tc18jd43bu5tjh6jvraq foreign key (user_id) references users
Hibernate: alter table if exists food_images add constraint FKcjvuyg5u6bluono3r4ppr9dd foreign key (food_id) references foods
Hibernate: alter table if exists food_ingredient add constraint FK8iinm16w5lx76dtr9wl1ye6yu foreign key (ingredient_id) references ingredients
Hibernate: alter table if exists food_ingredient add constraint FKifkhmgcmlsoi4rvpadjlph67c foreign key (food_id) references foods
Hibernate: alter table if exists foods add constraint FKpaltlojk6ds73o9vn3f2ri9gk foreign key (category_id) references categories
Hibernate: alter table if exists foods add constraint FKri2j6b6x4h4y1gn9ydwx02txp foreign key (restaurant_id) references restaurants
Hibernate: alter table if exists ingredients add constraint FKspy5soghmv48ax8dqgplf290j foreign key (restaurant_id) references restaurants
Hibernate: alter table if exists orderitems add constraint FKqk0tfxvx3bofo7w9rshjng4h foreign key (food_id) references foods
Hibernate: alter table if exists orderitems add constraint FKm3mp87f5ygbbfuqfdhc09y9a foreign key (order_id) references orders
Hibernate: alter table if exists orders add constraint FKsjfs85qf6vmcurlx43cnc16gy foreign key (customer_id) references users
Hibernate: alter table if exists orders add constraint FK3s2t83m5ddty3rgomn94d4ht6 foreign key (delivery_address_id) references addresses
Hibernate: alter table if exists orders add constraint FK2m9qulf12xm537bku3jnrrbup foreign key (restaurant_id) references restaurants
Hibernate: alter table if exists reset_password_token add constraint FKlu8wgvb3mkbxir0sls596u7np foreign key (user_id) references users
Hibernate: alter table if exists restaurant_images add constraint FK714rhrkn3odt4ucjohgipd9h4 foreign key (restaurant_id) references restaurants
Hibernate: alter table if exists restaurants add constraint FKf77xr396uxbl0crr0pq0qj2q7 foreign key (address_id) references addresses
Hibernate: alter table if exists restaurants add constraint FKp5mmmypepihvmkdb83qwugr4d foreign key (owner_id) references users
Hibernate: alter table if exists reviews add constraint FKsu8ow2q842enesfbqphjrfi5g foreign key (restaurant_id) references restaurants
Hibernate: alter table if exists reviews add constraint FKcgy7qjc1r99dp117y9en6lxye foreign key (user_id) references users
Hibernate: alter table if exists user_favourites add constraint FKabvu89h6aiej61pri2aoyakt2 foreign key (restaurant_id) references restaurants
Hibernate: alter table if exists user_favourites add constraint FKsotykjapinh9k0qddenalw94k foreign key (user_id) references users
2025-08-16T16:33:07.574+07:00  INFO 35756 --- [foodordering] [           main] j.LocalContainerEntityManagerFactoryBean : Initialized JPA EntityManagerFactory for persistence unit 'default'
2025-08-16T16:33:08.242+07:00  INFO 35756 --- [foodordering] [           main] o.s.d.j.r.query.QueryEnhancerFactory     : Hibernate is in classpath; If applicable, HQL parser will be used.
2025-08-16T16:33:09.275+07:00  WARN 35756 --- [foodordering] [           main] JpaBaseConfiguration$JpaWebConfiguration : spring.jpa.open-in-view is enabled by default. Therefore, database queries may be performed during view rendering. Explicitly configure spring.jpa.open-in-view to disable this warning
2025-08-16T16:33:09.803+07:00  INFO 35756 --- [foodordering] [           main] o.s.s.web.DefaultSecurityFilterChain     : Will secure any request with [org.springframework.security.web.session.DisableEncodeUrlFilter@29fe45a3, org.springframework.security.web.context.request.async.WebAsyncManagerIntegrationFilter@1cdb3ccd, org.springframework.security.web.context.SecurityContextHolderFilter@28bbac99, org.springframework.security.web.header.HeaderWriterFilter@321b3440, org.springframework.web.filter.CorsFilter@2af97fb9, org.springframework.security.web.authentication.logout.LogoutFilter@7dafb9f9, com.nguyenthanhbang.foodordering.config.JwtFilter@53c0424a, org.springframework.security.oauth2.server.resource.web.authentication.BearerTokenAuthenticationFilter@1ef50c3b, org.springframework.security.web.savedrequest.RequestCacheAwareFilter@5d7efdb4, org.springframework.security.web.servletapi.SecurityContextHolderAwareRequestFilter@22b0c1cf, org.springframework.security.web.authentication.AnonymousAuthenticationFilter@1500416c, org.springframework.security.web.session.SessionManagementFilter@49e35c6, org.springframework.security.web.access.ExceptionTranslationFilter@2a801d1e, org.springframework.security.web.access.intercept.AuthorizationFilter@5e5db72e]
2025-08-16T16:33:10.293+07:00  INFO 35756 --- [foodordering] [           main] o.s.m.s.b.SimpleBrokerMessageHandler     : Starting...
2025-08-16T16:33:10.294+07:00  INFO 35756 --- [foodordering] [           main] o.s.m.s.b.SimpleBrokerMessageHandler     : BrokerAvailabilityEvent[available=true, SimpleBrokerMessageHandler [org.springframework.messaging.simp.broker.DefaultSubscriptionRegistry@482bdb02]]
2025-08-16T16:33:10.296+07:00  INFO 35756 --- [foodordering] [           main] o.s.m.s.b.SimpleBrokerMessageHandler     : Started.
2025-08-16T16:33:10.303+07:00  INFO 35756 --- [foodordering] [           main] c.n.f.FoodorderingApplicationTests       : Started FoodorderingApplicationTests in 6.908 seconds (process running for 8.125)
]]></system-out>
  </testcase>
</testsuite>